<?xml version="1.0" encoding="UTF-8"?>
<testng-results ignored="0" total="3" passed="3" failed="0" skipped="0">
  <reporter-output>
  </reporter-output>
  <suite started-at="2021-01-08T11:30:56 GMT" name="Suite1" finished-at="2021-01-08T11:31:20 GMT" duration-ms="23873">
    <groups>
    </groups>
    <test started-at="2021-01-08T11:30:56 GMT" name="TestNGPractice-Chrome" finished-at="2021-01-08T11:31:20 GMT" duration-ms="23873">
      <class name="tests.SportsTest">
        <test-method is-config="true" signature="initDriver(java.lang.String)[pri:0, instance:tests.SportsTest@5e316c74]" started-at="2021-01-08T11:30:56 GMT" name="initDriver" finished-at="2021-01-08T11:31:04 GMT" duration-ms="8372" status="PASS">
          <params>
            <param index="0">
              <value>
                <![CDATA[chrome]]>
              </value>
            </param>
          </params>
          <reporter-output>
          </reporter-output>
        </test-method> <!-- initDriver -->
        <test-method is-config="true" signature="launchApp()[pri:0, instance:tests.SportsTest@5e316c74]" started-at="2021-01-08T11:31:04 GMT" name="launchApp" finished-at="2021-01-08T11:31:07 GMT" duration-ms="2613" status="PASS">
          <reporter-output>
          </reporter-output>
        </test-method> <!-- launchApp -->
        <test-method signature="verifySPortLogin()[pri:1, instance:tests.SportsTest@5e316c74]" started-at="2021-01-08T11:31:07 GMT" name="verifySPortLogin" finished-at="2021-01-08T11:31:11 GMT" duration-ms="4380" status="PASS">
          <reporter-output>
          </reporter-output>
        </test-method> <!-- verifySPortLogin -->
        <test-method is-config="true" signature="launchApp()[pri:0, instance:tests.SportsTest@5e316c74]" started-at="2021-01-08T11:31:11 GMT" name="launchApp" finished-at="2021-01-08T11:31:12 GMT" duration-ms="957" status="PASS">
          <reporter-output>
          </reporter-output>
        </test-method> <!-- launchApp -->
        <test-method signature="selectMensShoes()[pri:2, instance:tests.SportsTest@5e316c74]" started-at="2021-01-08T11:31:12 GMT" name="selectMensShoes" finished-at="2021-01-08T11:31:19 GMT" duration-ms="6271" status="PASS">
          <reporter-output>
          </reporter-output>
        </test-method> <!-- selectMensShoes -->
        <test-method is-config="true" signature="launchApp()[pri:0, instance:tests.SportsTest@5e316c74]" started-at="2021-01-08T11:31:19 GMT" name="launchApp" finished-at="2021-01-08T11:31:20 GMT" duration-ms="1212" status="PASS">
          <reporter-output>
          </reporter-output>
        </test-method> <!-- launchApp -->
        <test-method signature="MenShoesSelection()[pri:3, instance:tests.SportsTest@5e316c74]" started-at="2021-01-08T11:31:20 GMT" name="MenShoesSelection" finished-at="2021-01-08T11:31:20 GMT" duration-ms="4" status="PASS">
          <reporter-output>
          </reporter-output>
        </test-method> <!-- MenShoesSelection -->
      </class> <!-- tests.SportsTest -->
    </test> <!-- TestNGPractice-Chrome -->
  </suite> <!-- Suite1 -->
</testng-results>
