<?xml version="1.0" encoding="UTF-8"?>
<!-- Generated by org.testng.reporters.JUnitXMLReporter -->
<testsuite ignored="0" hostname="DESKTOP-JVEHMS9" failures="0" tests="3" name="TestNGPractice-Chrome" time="23.873" errors="0" timestamp="2021-01-08T11:31:20 GMT">
  <testcase classname="tests.SportsTest" name="verifySPortLogin" time="4.38"/>
  <testcase classname="tests.SportsTest" name="selectMensShoes" time="6.271"/>
  <testcase classname="tests.SportsTest" name="MenShoesSelection" time="0.004"/>
</testsuite> <!-- TestNGPractice-Chrome -->
